2017-06-14 16:18:19 Fault Injector Started
2017-06-14 16:19:52 Fault Injector Started
2017-06-14 16:20:40 Fault Injector Started
2017-06-14 16:20:40 Fault Injector Stopped
2017-06-14 16:23:53 Fault Injector Started
2017-06-14 16:23:53 Fault Injector Stopped
2017-06-14 16:29:10 Fault Injector Started
2017-06-14 16:29:38 Fault Injector Started
2017-06-14 16:29:41 Fault Injector Stopped
2017-06-14 16:36:49 Fault Injector Started
2017-06-14 16:37:40 Fault Injector Started
2017-06-14 16:41:15 Fault Injector Started
2017-06-14 16:41:18 Fault Injector Stopped
2017-06-14 16:42:09 Fault Injector Started
2017-06-14 16:42:12 Fault Injector Stopped
2017-06-14 16:44:50 Fault Injector Started
2017-06-14 16:44:53 Fault Injector Stopped
2017-06-14 16:45:21 Fault Injector Started
2017-06-14 16:45:23 Fault Injector Stopped
2017-06-14 16:46:24 Fault Injector Started
2017-06-14 16:46:27 Fault Injector Stopped
2017-06-14 16:50:39 Fault Injector Started
2017-06-14 16:53:13 Fault Injector Started
2017-06-14 16:53:16 Fault Injector Stopped
2017-06-14 16:53:29 Fault Injector Started
2017-06-14 16:53:33 Fault Injector Stopped
2017-06-14 16:54:40 Fault Injector Started
2017-06-14 16:54:43 Fault Injector Stopped
2017-06-14 16:55:12 Fault Injector Started
2017-06-14 16:55:26 Fault Injector Started
2017-06-14 16:55:29 Fault Injector Stopped
2017-06-14 16:55:39 Fault Injector Started
2017-06-14 16:55:42 Fault Injector Stopped
2017-06-14 17:15:01 Fault Injector Started
2017-06-14 17:15:01 Config file opened
2017-06-14 17:15:05 Fault Injector Stopped
2017-06-14 17:30:51 Fault Injector Started
2017-06-14 17:30:51 Config file opened
2017-06-14 17:31:06 Fault Injector Stopped
2017-06-14 17:32:17 Fault Injector Started
2017-06-14 17:32:17 Config file opened
2017-06-14 17:32:24 ssh to 192.168.24.13
2017-06-14 17:32:24 Fault Injector Stopped
2017-06-14 17:33:04 Fault Injector Started
2017-06-14 17:33:04 Config file opened
2017-06-14 17:33:43 ssh to 192.168.24.13
2017-06-14 17:33:43 Fault Injector Stopped
2017-06-14 17:43:23 Fault Injector Started
2017-06-14 17:43:23 Config file opened
2017-06-14 17:43:55 Fault Injector Started
2017-06-14 17:43:55 Config file opened
2017-06-14 17:45:01 Fault Injector Started
2017-06-14 17:45:01 Config file opened
2017-06-14 17:46:25 Fault Injector Started
2017-06-14 17:46:25 Config file opened
2017-06-14 17:51:05 Fault Injector Started
2017-06-14 17:51:05 Config file opened
2017-06-14 17:51:06 Fault Injector Stopped
2017-06-14 17:54:58 Fault Injector Started
2017-06-14 17:54:58 Config file opened
2017-06-14 17:54:59 Fault Injector Stopped
2017-06-15 16:42:54 Fault Injector Started
2017-06-15 16:42:54 Config file opened
2017-06-15 16:42:55 ansible
2017-06-15 16:42:55 Fault Injector Stopped
2017-06-15 16:52:03 Fault Injector Started
2017-06-15 16:52:03 Config file opened
2017-06-15 16:52:04 ansible
2017-06-15 16:52:04 Fault Injector Stopped
2017-06-15 16:53:34 Fault Injector Started
2017-06-15 16:53:34 Config file opened
2017-06-15 16:53:43 ansible
2017-06-15 16:53:43 Fault Injector Stopped
2017-06-15 17:08:28 Fault Injector Started
2017-06-15 17:08:28 Config file opened
2017-06-15 17:08:37 ansible
2017-06-15 17:08:37 Fault Injector Stopped
2017-06-15 17:21:38 Fault Injector Started
2017-06-15 17:21:38 Config file opened
2017-06-15 17:21:49 ansible
2017-06-15 17:21:49 Fault Injector Stopped
2017-06-15 17:23:54 Fault Injector Started
2017-06-15 17:23:54 Config file opened
2017-06-15 17:24:01 ansible
2017-06-15 17:24:01 Fault Injector Stopped
2017-06-15 17:24:33 Fault Injector Started
2017-06-15 17:24:33 Config file opened
2017-06-15 17:24:39 ansible
2017-06-15 17:24:39 Fault Injector Stopped
2017-06-15 17:57:58 Fault Injector Started
2017-06-15 17:57:58 Config file opened
2017-06-15 17:58:08 ansible
2017-06-15 17:58:08 Fault Injector Stopped
2017-06-15 18:17:30 Fault Injector Started
2017-06-15 18:17:30 Config file opened
2017-06-15 18:19:36 Fault Injector Started
2017-06-15 18:19:36 Config file opened
2017-06-15 18:21:34 Fault Injector Started
2017-06-15 18:21:34 Config file opened
2017-06-15 18:25:43 Fault Injector Started
2017-06-15 18:25:43 Config file opened
2017-06-15 18:32:20 Fault Injector Started
2017-06-15 18:32:20 Config file opened
2017-06-15 18:33:44 Fault Injector Started
2017-06-15 18:33:44 Config file opened
2017-06-15 18:39:44 Fault Injector Started
2017-06-15 18:39:44 Config file opened
2017-06-15 18:42:43 Fault Injector Started
2017-06-15 18:42:43 Config file opened
2017-06-15 18:42:52 ansible
2017-06-15 18:42:52 Fault Injector Stopped
2017-06-15 19:01:06 Fault Injector Started
2017-06-15 19:01:42 Fault Injector Started
2017-06-15 19:01:42 Config file opened
2017-06-15 19:01:48 Fault Injector Started
2017-06-15 19:06:04 Fault Injector Started
2017-06-15 19:30:10 Fault Injector Started
2017-06-15 19:30:25 Fault Injector Started
2017-06-15 19:30:25 Config file opened
2017-06-15 19:30:32 ansible
2017-06-15 19:30:32 Fault Injector Stopped
2017-06-15 19:38:09 Fault Injector Started
2017-06-15 19:43:10 Fault Injector Started
2017-06-15 19:43:10 Config file opened
2017-06-15 19:49:02 Fault Injector Started
2017-06-15 19:49:13 Fault Injector Started
2017-06-15 19:49:13 Config file opened
2017-06-15 19:49:18 Fault Injector Started
2017-06-15 19:49:18 Config file opened
2017-06-15 19:49:49 Fault Injector Started
2017-06-15 20:04:41 Fault Injector Started
2017-06-15 20:04:48 Fault Injector Started
2017-06-15 20:04:48 process faults enabled
2017-06-15 20:04:48 Config file opened
2017-06-15 20:04:56 ansible
2017-06-15 20:04:56 Fault Injector Stopped
2017-06-16 16:11:48 Fault Injector Started
2017-06-16 16:11:48 Config file opened
2017-06-16 16:11:59 ansible
2017-06-16 16:11:59 Fault Injector Stopped
2017-06-19 10:45:43 Fault Injector Started
2017-06-19 10:45:43 Config file opened
2017-06-19 10:45:43 Fault Injector Stopped
2017-06-19 10:45:54 Fault Injector Started
2017-06-19 10:45:54 process faults enabled
2017-06-19 10:45:54 Config file opened
2017-06-19 10:45:54 Fault Injector Stopped
2017-06-19 10:48:46 Fault Injector Started
2017-06-19 10:48:46 process faults enabled
2017-06-19 10:48:46 Config file opened
2017-06-19 10:48:46 Fault Injector Stopped
2017-06-19 10:50:50 Fault Injector Started
2017-06-19 10:50:50 process faults enabled
2017-06-19 10:50:50 Config file opened
2017-06-19 10:50:50 Fault Injector Stopped
2017-06-19 10:51:01 Fault Injector Started
2017-06-19 10:51:01 process faults enabled
2017-06-19 10:51:01 system faults enabled
2017-06-19 10:51:01 hardware faults enabled
2017-06-19 10:51:01 Config file opened
2017-06-19 10:51:01 Fault Injector Stopped
2017-06-19 10:51:03 Fault Injector Started
2017-06-19 10:51:03 process faults enabled
2017-06-19 10:51:03 system faults enabled
2017-06-19 10:51:03 hardware faults enabled
2017-06-19 10:51:03 Config file opened
2017-06-19 10:51:03 Fault Injector Stopped
2017-06-19 10:51:04 Fault Injector Started
2017-06-19 10:51:04 process faults enabled
2017-06-19 10:51:04 system faults enabled
2017-06-19 10:51:04 hardware faults enabled
2017-06-19 10:51:04 Config file opened
2017-06-19 10:51:04 Fault Injector Stopped
2017-06-19 10:51:05 Fault Injector Started
2017-06-19 10:51:05 process faults enabled
2017-06-19 10:51:05 system faults enabled
2017-06-19 10:51:05 hardware faults enabled
2017-06-19 10:51:05 Config file opened
2017-06-19 10:51:05 Fault Injector Stopped
2017-06-19 10:51:06 Fault Injector Started
2017-06-19 10:51:06 process faults enabled
2017-06-19 10:51:06 system faults enabled
2017-06-19 10:51:06 hardware faults enabled
2017-06-19 10:51:06 Config file opened
2017-06-19 10:51:06 Fault Injector Stopped
2017-06-19 10:51:07 Fault Injector Started
2017-06-19 10:51:07 process faults enabled
2017-06-19 10:51:07 system faults enabled
2017-06-19 10:51:07 hardware faults enabled
2017-06-19 10:51:07 Config file opened
2017-06-19 10:51:07 Fault Injector Stopped
2017-06-19 10:51:08 Fault Injector Started
2017-06-19 10:51:08 process faults enabled
2017-06-19 10:51:08 system faults enabled
2017-06-19 10:51:08 hardware faults enabled
2017-06-19 10:51:08 Config file opened
2017-06-19 10:51:08 Fault Injector Stopped
2017-06-19 10:51:09 Fault Injector Started
2017-06-19 10:51:09 process faults enabled
2017-06-19 10:51:09 system faults enabled
2017-06-19 10:51:09 hardware faults enabled
2017-06-19 10:51:09 Config file opened
2017-06-19 10:51:09 Fault Injector Stopped
2017-06-19 10:51:10 Fault Injector Started
2017-06-19 10:51:10 process faults enabled
2017-06-19 10:51:10 system faults enabled
2017-06-19 10:51:10 hardware faults enabled
2017-06-19 10:51:10 Config file opened
2017-06-19 10:51:10 Fault Injector Stopped
2017-06-19 10:51:35 Fault Injector Started
2017-06-19 10:51:35 process faults enabled
2017-06-19 10:51:35 Config file opened
2017-06-19 10:51:35 Fault Injector Stopped
2017-06-19 10:51:42 Fault Injector Started
2017-06-19 10:51:42 process faults enabled
2017-06-19 10:51:42 Config file opened
2017-06-19 10:51:42 Fault Injector Stopped
2017-06-19 11:02:23 Fault Injector Started
2017-06-19 11:02:23 process faults enabled
2017-06-19 11:02:23 Config file opened
2017-06-19 11:02:23 process Mode Chosen
2017-06-19 11:02:23 Fault Injector Stopped
2017-06-19 11:03:51 Fault Injector Started
2017-06-19 11:03:51 process faults enabled
2017-06-19 11:03:51 Config file opened
2017-06-19 11:03:51 process Mode Chosen
2017-06-19 11:04:02 Fault Injector Started
2017-06-19 11:04:02 process faults enabled
2017-06-19 11:04:02 Config file opened
2017-06-19 11:04:02 process Mode Chosen
2017-06-19 11:04:02 Fault Injector Stopped
